c:\users\kerri\desktop\games\lab 9\lab 9\debug\vc120.pdb
c:\users\kerri\desktop\games\lab 9\lab 9\debug\vc120.idb
c:\users\kerri\desktop\games\lab 9\lab 9\debug\ccamera.obj
c:\users\kerri\desktop\games\lab 9\lab 9\debug\cenemy.obj
c:\users\kerri\desktop\games\lab 9\lab 9\debug\cimageloader.obj
c:\users\kerri\desktop\games\lab 9\lab 9\debug\cbullet.obj
c:\users\kerri\desktop\games\lab 9\lab 9\debug\cmodel.obj
c:\users\kerri\desktop\games\lab 9\lab 9\debug\cmodelloader.obj
c:\users\kerri\desktop\games\lab 9\lab 9\debug\cplayer.obj
c:\users\kerri\desktop\games\lab 9\lab 9\debug\csound.obj
c:\users\kerri\desktop\games\lab 9\lab 9\debug\cwndmanager.obj
c:\users\kerri\desktop\games\lab 9\lab 9\debug\gameconstants.obj
c:\users\kerri\desktop\games\lab 9\lab 9\debug\main.obj
c:\users\kerri\desktop\games\lab 9\lab 9\debug\windowogl.obj
c:\users\kerri\desktop\games\lab 9\debug\lab 9.ilk
c:\users\kerri\desktop\games\lab 9\debug\lab 9.exe
c:\users\kerri\desktop\games\lab 9\debug\lab 9.pdb
c:\users\kerri\desktop\games\lab 9\lab 9\debug\lab 9.tlog\cl.command.1.tlog
c:\users\kerri\desktop\games\lab 9\lab 9\debug\lab 9.tlog\cl.read.1.tlog
c:\users\kerri\desktop\games\lab 9\lab 9\debug\lab 9.tlog\cl.write.1.tlog
c:\users\kerri\desktop\games\lab 9\lab 9\debug\lab 9.tlog\link.command.1.tlog
c:\users\kerri\desktop\games\lab 9\lab 9\debug\lab 9.tlog\link.read.1.tlog
c:\users\kerri\desktop\games\lab 9\lab 9\debug\lab 9.tlog\link.write.1.tlog
